2024-03-08 21:42:31,557 - Mock Version: 5.5
2024-03-08 21:42:31,568 - Start(bootstrap): chroot init
2024-03-08 21:42:31,619 - Start(bootstrap): cleaning package manager metadata
2024-03-08 21:42:31,621 - Finish(bootstrap): cleaning package manager metadata
2024-03-08 21:42:32,539 - Finish(bootstrap): chroot init
2024-03-08 21:42:32,545 - Start: chroot init
2024-03-08 21:42:32,568 - Start: unpacking root cache
2024-03-08 21:42:33,492 - Finish: unpacking root cache
2024-03-08 21:42:33,497 - Start: cleaning package manager metadata
2024-03-08 21:42:33,531 - Finish: cleaning package manager metadata
2024-03-08 21:42:34,392 - Start: dnf update
2024-03-08 21:42:36,854 - Finish: dnf update
2024-03-08 21:42:37,312 - Finish: chroot init
2024-03-08 21:42:37,314 - Start: build phase for perl-parallel-forker-1.260-1.fc39.src.rpm
2024-03-08 21:42:37,319 - Start: build setup for perl-parallel-forker-1.260-1.fc39.src.rpm
2024-03-08 21:42:58,359 - Finish: build setup for perl-parallel-forker-1.260-1.fc39.src.rpm
2024-03-08 21:42:58,360 - Start: Outputting list of installed packages
2024-03-08 21:42:58,632 - Finish: Outputting list of installed packages
2024-03-08 21:42:58,632 - Start: rpmbuild perl-parallel-forker-1.260-1.fc39.src.rpm
2024-03-08 21:43:00,854 - Finish: rpmbuild perl-parallel-forker-1.260-1.fc39.src.rpm
2024-03-08 21:43:00,854 - Finish: build phase for perl-parallel-forker-1.260-1.fc39.src.rpm
2024-03-08 21:43:00,860 - Start: clean chroot
2024-03-08 21:43:06,134 - Finish: clean chroot
2024-03-08 21:43:16,386 - Mock Version: 5.5
2024-03-08 21:43:16,398 - Start(bootstrap): chroot init
2024-03-08 21:43:16,450 - Start(bootstrap): cleaning package manager metadata
2024-03-08 21:43:16,451 - Finish(bootstrap): cleaning package manager metadata
2024-03-08 21:43:17,433 - Finish(bootstrap): chroot init
2024-03-08 21:43:17,439 - Start: chroot init
2024-03-08 21:43:17,463 - Start: unpacking root cache
2024-03-08 21:43:18,357 - Finish: unpacking root cache
2024-03-08 21:43:18,362 - Start: cleaning package manager metadata
2024-03-08 21:43:18,368 - Finish: cleaning package manager metadata
2024-03-08 21:43:19,253 - Start: dnf update
2024-03-08 21:43:21,163 - Finish: dnf update
2024-03-08 21:43:21,608 - Finish: chroot init
2024-03-08 21:43:21,610 - Start: build phase for perl-parallel-forker-1.260-1.fc39.src.rpm
2024-03-08 21:43:21,615 - Start: build setup for perl-parallel-forker-1.260-1.fc39.src.rpm
2024-03-08 21:43:37,673 - Finish: build setup for perl-parallel-forker-1.260-1.fc39.src.rpm
2024-03-08 21:43:37,673 - Finish: build phase for perl-parallel-forker-1.260-1.fc39.src.rpm
2024-03-08 21:43:37,677 - Start: clean chroot
2024-03-08 21:43:42,872 - Finish: clean chroot
2024-03-08 21:43:44,124 - Mock Version: 5.5
2024-03-08 21:43:44,135 - Start(bootstrap): chroot init
2024-03-08 21:43:44,186 - Start(bootstrap): cleaning package manager metadata
2024-03-08 21:43:44,186 - Finish(bootstrap): cleaning package manager metadata
2024-03-08 21:43:45,047 - Finish(bootstrap): chroot init
2024-03-08 21:43:45,052 - Start: chroot init
2024-03-08 21:43:45,075 - Start: unpacking root cache
2024-03-08 21:43:45,953 - Finish: unpacking root cache
2024-03-08 21:43:45,958 - Start: cleaning package manager metadata
2024-03-08 21:43:45,963 - Finish: cleaning package manager metadata
2024-03-08 21:43:46,819 - Start: dnf update
2024-03-08 21:43:48,812 - Finish: dnf update
2024-03-08 21:43:49,244 - Finish: chroot init
2024-03-08 21:43:49,247 - Start: build phase for perl-parallel-forker-1.260-1.fc39.src.rpm
2024-03-08 21:43:49,251 - Start: build setup for perl-parallel-forker-1.260-1.fc39.src.rpm
2024-03-08 21:44:10,105 - Finish: build setup for perl-parallel-forker-1.260-1.fc39.src.rpm
2024-03-08 21:44:10,106 - Start: Outputting list of installed packages
2024-03-08 21:44:10,311 - Finish: Outputting list of installed packages
2024-03-08 21:44:10,311 - Start: rpmbuild perl-parallel-forker-1.260-1.fc39.src.rpm
2024-03-08 21:44:12,543 - Finish: rpmbuild perl-parallel-forker-1.260-1.fc39.src.rpm
2024-03-08 21:44:12,545 - Finish: build phase for perl-parallel-forker-1.260-1.fc39.src.rpm
2024-03-08 21:44:12,549 - Start: clean chroot
2024-03-08 21:44:17,875 - Finish: clean chroot
2024-03-08 21:44:17,876 - Finish: run
